2026-05-20T17:04:01Z [START] Phase-5 run beginning, target 10h
2026-05-20T17:04:01Z [CYCLE_START] cycle=1
docker: invalid reference format: repository name must be lowercase.
See 'docker run --help'.
2026-05-20T17:04:02Z [LEGIT_FAIL] cycle=1
2026-05-20T17:04:02Z [LEGIT] cycle=1 seed=13306
2026-05-20T17:06:08Z [START] Phase-5 run beginning, target 10h
2026-05-20T17:06:08Z [CYCLE_START] cycle=1
Transactions saved to: /work/broadcast/LegitProposer.s.sol/11155111/run-latest.json

Sensitive values saved to: /work/cache/LegitProposer.s.sol/11155111/run-latest.json

Error: Failed to send transaction after 4 attempts Err(server returned an error response: error code -32000: INTERNAL_ERROR: insufficient funds)
2026-05-20T17:06:37Z [LEGIT] cycle=1 seed=16962
2026-05-20T19:06:37Z [CYCLE_START] cycle=2

Transactions saved to: /work/broadcast/LegitProposer.s.sol/11155111/run-latest.json

Sensitive values saved to: /work/cache/LegitProposer.s.sol/11155111/run-latest.json

2026-05-20T19:07:01Z [LEGIT] cycle=2 seed=15756
2026-05-20T21:07:01Z [CYCLE_START] cycle=3

Transactions saved to: /work/broadcast/LegitProposer.s.sol/11155111/run-latest.json

Sensitive values saved to: /work/cache/LegitProposer.s.sol/11155111/run-latest.json

2026-05-20T21:07:24Z [LEGIT] cycle=3 seed=4262
2026-05-20T23:07:24Z [CYCLE_START] cycle=4

Transactions saved to: /work/broadcast/LegitProposer.s.sol/11155111/run-latest.json

Sensitive values saved to: /work/cache/LegitProposer.s.sol/11155111/run-latest.json

2026-05-20T23:07:49Z [LEGIT] cycle=4 seed=20494
