2026-05-22T15:32:55Z worker-synpress: started from HEAD 6e5360f8d4f430eec86f4d06986768bebb729c5e; read assigned profiles, playwright config, F1 scaffold, selectors, and package scripts. Wallet project is declared but still plain Playwright; F1 remains fixme.
2026-05-22T15:38:34Z worker-synpress: installed npm dev dependencies locally with package-lock disabled so Synpress v4.1.2 APIs could be inspected. Found Synpress requires a cached wallet setup (`defineWalletSetup` + `metaMaskFixtures`); current checkout also has unrelated tracked edits in config/site/audit files, so commits must stage only synpress work.
2026-05-22T15:46:15Z worker-synpress: implemented first pass of wallet wiring: wallet project seeds fork storage/headless env, `tests-e2e/wallet.setup.ts` defines/caches MetaMask, and F1 now connects, submits, confirms both txs, and asserts `instancesCount`. Regression check `forge test --no-match-path 'test/fork/*'` passed: 252 tests, 0 failed.
2026-05-22T15:52:01Z worker-synpress: E2E attempts exposed environment gaps before reaching the dapp: Synpress needed top-level `typescript`, Playwright browser build 1140, and Chromium runtime libraries. Added `typescript`, installed browser build 1140, staged missing Debian libs under local `.pw-libs`, and taught Playwright config to prepend those libs when present.

[2026-05-22T13:12:36-03:00] Continuing from Synpress cache/hash fix; rerunning F1 to capture wallet_addEthereumChain provider error before next patch.

[2026-05-22T13:13:17-03:00] Captured MetaMask provider error for Sepolia add-network (symbol mismatch); patched F1 request to use MetaMask Sepolia native currency metadata. Running forge regression next.

[2026-05-22T13:16:37-03:00] Status check: Synpress cache/install is healthy. F1 advanced to MetaMask Sepolia add-network metadata handling; patched native currency symbol. Required forge regression still running and emitting passing suites, not stuck.

[2026-05-22T13:18:58-03:00] Forge regression completed after Sepolia metadata patch: 25 suites / 256 tests passed. Rerunning F1 wallet grep now.

[2026-05-22T13:19:53-03:00] F1 rerun after Sepolia metadata patch still failed in wallet_addEthereumChain: MetaMask requires built-in Sepolia symbol but also enforces a 1-6 char symbol limit. Synpress cache/install and forge regression are healthy; next attempt will avoid nativeCurrency on the existing-chain update path.

[2026-05-22T13:21:16-03:00] Committed interim Synpress wiring artifact 3f3bdd2. Third network-update attempt omits nativeCurrency for existing Sepolia so MetaMask can preserve built-in chain metadata while accepting the local RPC URL.

[2026-05-22T13:22:36-03:00] Stopped wallet_addEthereumChain attempts after three MetaMask validation failures; switched F1 to built-in Sepolia plus browser-context JSON-RPC routing to the Anvil fork.

[2026-05-22T13:23:45-03:00] F1 switch-only path reached MetaMask switch handling; patched helper to capture immediate wallet_switchEthereumChain provider results before waiting for a notification popup.

[2026-05-22T13:25:05-03:00] F1 switch prompt did not appear before account permission; moved dapp authorization before wallet_switchEthereumChain and left site connect for signer initialization after chain is correct.

[2026-05-22T13:26:16-03:00] Account request also reused cached dapp permission without opening a notification; patched authorization to accept immediate provider success before invoking Synpress notification approval.

[2026-05-22T13:27:59-03:00] Failure context showed MetaMask cached on the final ready screen; updated wallet.setup.ts to click the current "Open wallet" completion CTA before writing the Synpress cache.

[2026-05-22T13:28:42-03:00] Coordinator accepted F1 wallet path artifact 3f3bdd2 and requested extension to F2 buy, F3 ragequit, and F6 create-proposal using the same Synpress fixture. Checking current fixture run before editing the new specs.

[2026-05-22T13:34:34-03:00] Converted F2/F3/F6 happy paths to Synpress fixture specs with viem on-chain assertions; running Playwright discovery before browser execution.

[2026-05-22T13:35:18-03:00] F2 smoke failed before UI because local Anvil RPC was not listening on 127.0.0.1:8545. Restarting fork before rerun.

[2026-05-22T13:37:56-03:00] F2 hit the same MetaMask notification wait; adjusted connect helper to click the dapp button first, then let Synpress attach to any existing notification page.

[2026-05-22T13:40:05-03:00] F2 failure screenshots showed a locked MetaMask extension page; connect helper now unlocks any visible MetaMask page before asking Synpress to approve dapp connection.

[2026-05-22T13:41:25-03:00] BLOCKER: F2/F3/F6 specs are now executable Synpress happy paths, but local execution is blocked at the shared MetaMask notification discovery path. After dapp connect click, MetaMask does not expose a chrome-extension://*/notification.html page for Synpress to approve; screenshots show extension home/lock pages plus the site page. No fake assertions added; the specs retain real wallet confirmations and viem state assertions.

[2026-05-22T13:48:59-03:00] New coordinator direction: pivot back to F1 executable wallet run. Anvil is already running on 8545; pausing the prior F2 validation path and running F1 next.

[2026-05-22T13:51:04-03:00] F1 exact run failed in addLocalSepoliaNetwork: wallet_addEthereumChain did not produce a Synpress-visible notification page; patching toward provider/RPC shim instead of add-network approval.

[2026-05-22T13:57:37-03:00] Resumed F1 executable pivot after context compaction. Local cast binary is unavailable in this shell; proceeding with the requested Playwright wallet project run against 127.0.0.1:8545 and the current Anvil provider shim.

[2026-05-22T14:00:26-03:00] F1 provider-shim run progressed past wallet setup but the Connect click still invoked the real MetaMask extension; the app form was no longer reachable when Playwright tried create-name. Patching F1 to install the Anvil provider again after /create navigation and to use an HTTPS RPC URL that is routed back to Anvil.

[2026-05-22T14:02:08-03:00] F1 rerun showed the live create page is reachable, but fao-testnet.pages.dev is serving an older create.html without the repo's data-testid attributes. Adding locator fallbacks to stable ids/roles while keeping data-testid as the first choice.

[2026-05-22T14:03:10-03:00] F1 is now executable end-to-end: npm run e2e -- --project=wallet --grep F1 passed with 1 wallet test green and 4 unrelated F10 fixmes skipped. The test signs through the injected Anvil EIP-1193 provider inside the Synpress wallet project and verifies registry.instancesCount() plus the new sale address on the same fork.

[2026-05-22T14:11:57-03:00] Contract regression gate passed using /home/kelvin/.foundry/bin/forge test --no-match-path 'test/fork/*': 29 suites, 267 tests passed, 0 failed, 0 skipped. The plain forge command is not on PATH in this shell.

[2026-05-22T14:16:09-03:00] NOTE: plain npm test failed because this shell resolves forge incorrectly (Permission denied). Retried with /home/kelvin/.foundry/bin on PATH; the run was externally terminated after green partial output during parallel Forge CPU thrash. Per coordinator instruction, stopping full-suite reruns and using targeted Forge checks only before the F1 commit.

[2026-05-22T14:16:22-03:00] Targeted Forge verification passed: PATH=/home/kelvin/.foundry/bin:$PATH forge test --match-contract FAOSmokeTest ran 1 suite / 1 test, 0 failed.
